{
  "RSpec": {
    "coverage": {
      "/home/brian/workspace/rigor/census_gender_classification/app/helpers/application_helper.rb": [
        1,
        1,
        2,
        2,
        2,
        2,
        null,
        null,
        1,
        2,
        2,
        null,
        null,
        null
      ],
      "/home/brian/workspace/rigor/census_gender_classification/app/controllers/people_controller.rb": [
        1,
        1,
        null,
        null,
        null,
        1,
        2,
        null,
        null,
        null,
        null,
        1,
        null,
        null,
        null,
        1,
        1,
        null,
        null,
        null,
        1,
        null,
        null,
        null,
        null,
        1,
        5,
        null,
        5,
        5,
        6,
        3,
        null,
        4,
        2,
        null,
        null,
        null,
        null,
        null,
        null,
        1,
        5,
        5,
        6,
        3,
        null,
        4,
        2,
        null,
        null,
        null,
        null,
        null,
        null,
        1,
        2,
        2,
        4,
        2,
        null,
        null,
        null,
        1,
        null,
        1,
        9,
        null,
        null,
        null,
        1,
        10,
        null,
        null
      ],
      "/home/brian/workspace/rigor/census_gender_classification/app/controllers/application_controller.rb": [
        1,
        null,
        null,
        1,
        null
      ],
      "/home/brian/workspace/rigor/census_gender_classification/app/models/person.rb": [
        1,
        1,
        1,
        1,
        null
      ],
      "/home/brian/workspace/rigor/census_gender_classification/app/presenters/person_presenter.rb": [
        1,
        1,
        null,
        1,
        null,
        1,
        2,
        null,
        null,
        1,
        4,
        null,
        null,
        1,
        2,
        null,
        2,
        4,
        null,
        null,
        2,
        null,
        null,
        1,
        3,
        6,
        null,
        null,
        null,
        1,
        7,
        null,
        null,
        1,
        3,
        0,
        null,
        null,
        null,
        3,
        null,
        null,
        null
      ],
      "/home/brian/workspace/rigor/census_gender_classification/app/presenters/base_presenter.rb": [
        1,
        1,
        3,
        3,
        null,
        null,
        1,
        null,
        1,
        1,
        16,
        null,
        null,
        null,
        1,
        0,
        null,
        null,
        null,
        null,
        null
      ]
    },
    "timestamp": 1422824696
  }
}
